<?xml version="1.0" encoding="UTF-8"?>
<testsuite xmlns:xsi="http://www.w3.org/2001/XMLSchema-instance" xsi:noNamespaceSchemaLocation="https://maven.apache.org/surefire/maven-surefire-plugin/xsd/surefire-test-report.xsd" name="StockApplicationTests" time="0.217" tests="1" errors="1" skipped="0" failures="0">
  <properties>
    <property name="java.specification.version" value="13"/>
    <property name="sun.jnu.encoding" value="UTF-8"/>
    <property name="java.class.path" value="/home/frak/IdeaProjects/stock-app/target/test-classes:/home/frak/IdeaProjects/stock-app/target/classes:/home/frak/.m2/repository/org/springframework/boot/spring-boot-starter-data-jpa/2.4.4/spring-boot-starter-data-jpa-2.4.4.jar:/home/frak/.m2/repository/org/springframework/boot/spring-boot-starter-aop/2.4.4/spring-boot-starter-aop-2.4.4.jar:/home/frak/.m2/repository/org/springframework/spring-aop/5.3.5/spring-aop-5.3.5.jar:/home/frak/.m2/repository/org/aspectj/aspectjweaver/1.9.6/aspectjweaver-1.9.6.jar:/home/frak/.m2/repository/org/springframework/boot/spring-boot-starter-jdbc/2.4.4/spring-boot-starter-jdbc-2.4.4.jar:/home/frak/.m2/repository/com/zaxxer/HikariCP/3.4.5/HikariCP-3.4.5.jar:/home/frak/.m2/repository/org/springframework/spring-jdbc/5.3.5/spring-jdbc-5.3.5.jar:/home/frak/.m2/repository/jakarta/transaction/jakarta.transaction-api/1.3.3/jakarta.transaction-api-1.3.3.jar:/home/frak/.m2/repository/jakarta/persistence/jakarta.persistence-api/2.2.3/jakarta.persistence-api-2.2.3.jar:/home/frak/.m2/repository/org/hibernate/hibernate-core/5.4.29.Final/hibernate-core-5.4.29.Final.jar:/home/frak/.m2/repository/org/jboss/logging/jboss-logging/3.4.1.Final/jboss-logging-3.4.1.Final.jar:/home/frak/.m2/repository/org/javassist/javassist/3.27.0-GA/javassist-3.27.0-GA.jar:/home/frak/.m2/repository/net/bytebuddy/byte-buddy/1.10.22/byte-buddy-1.10.22.jar:/home/frak/.m2/repository/antlr/antlr/2.7.7/antlr-2.7.7.jar:/home/frak/.m2/repository/org/jboss/jandex/2.2.3.Final/jandex-2.2.3.Final.jar:/home/frak/.m2/repository/com/fasterxml/classmate/1.5.1/classmate-1.5.1.jar:/home/frak/.m2/repository/org/dom4j/dom4j/2.1.3/dom4j-2.1.3.jar:/home/frak/.m2/repository/org/hibernate/common/hibernate-commons-annotations/5.1.2.Final/hibernate-commons-annotations-5.1.2.Final.jar:/home/frak/.m2/repository/org/glassfish/jaxb/jaxb-runtime/2.3.3/jaxb-runtime-2.3.3.jar:/home/frak/.m2/repository/org/glassfish/jaxb/txw2/2.3.3/txw2-2.3.3.jar:/home/frak/.m2/repository/com/sun/istack/istack-commons-runtime/3.0.11/istack-commons-runtime-3.0.11.jar:/home/frak/.m2/repository/com/sun/activation/jakarta.activation/1.2.2/jakarta.activation-1.2.2.jar:/home/frak/.m2/repository/org/springframework/data/spring-data-jpa/2.4.6/spring-data-jpa-2.4.6.jar:/home/frak/.m2/repository/org/springframework/data/spring-data-commons/2.4.6/spring-data-commons-2.4.6.jar:/home/frak/.m2/repository/org/springframework/spring-orm/5.3.5/spring-orm-5.3.5.jar:/home/frak/.m2/repository/org/springframework/spring-context/5.3.5/spring-context-5.3.5.jar:/home/frak/.m2/repository/org/springframework/spring-tx/5.3.5/spring-tx-5.3.5.jar:/home/frak/.m2/repository/org/springframework/spring-beans/5.3.5/spring-beans-5.3.5.jar:/home/frak/.m2/repository/org/slf4j/slf4j-api/1.7.30/slf4j-api-1.7.30.jar:/home/frak/.m2/repository/org/springframework/spring-aspects/5.3.5/spring-aspects-5.3.5.jar:/home/frak/.m2/repository/com/h2database/h2/1.4.200/h2-1.4.200.jar:/home/frak/.m2/repository/org/springframework/boot/spring-boot-starter-web/2.4.4/spring-boot-starter-web-2.4.4.jar:/home/frak/.m2/repository/org/springframework/boot/spring-boot-starter-json/2.4.4/spring-boot-starter-json-2.4.4.jar:/home/frak/.m2/repository/com/fasterxml/jackson/datatype/jackson-datatype-jdk8/2.11.4/jackson-datatype-jdk8-2.11.4.jar:/home/frak/.m2/repository/com/fasterxml/jackson/datatype/jackson-datatype-jsr310/2.11.4/jackson-datatype-jsr310-2.11.4.jar:/home/frak/.m2/repository/com/fasterxml/jackson/module/jackson-module-parameter-names/2.11.4/jackson-module-parameter-names-2.11.4.jar:/home/frak/.m2/repository/org/springframework/boot/spring-boot-starter-tomcat/2.4.4/spring-boot-starter-tomcat-2.4.4.jar:/home/frak/.m2/repository/org/apache/tomcat/embed/tomcat-embed-core/9.0.44/tomcat-embed-core-9.0.44.jar:/home/frak/.m2/repository/org/glassfish/jakarta.el/3.0.3/jakarta.el-3.0.3.jar:/home/frak/.m2/repository/org/apache/tomcat/embed/tomcat-embed-websocket/9.0.44/tomcat-embed-websocket-9.0.44.jar:/home/frak/.m2/repository/org/springframework/spring-web/5.3.5/spring-web-5.3.5.jar:/home/frak/.m2/repository/org/springframework/spring-webmvc/5.3.5/spring-webmvc-5.3.5.jar:/home/frak/.m2/repository/org/springframework/spring-expression/5.3.5/spring-expression-5.3.5.jar:/home/frak/.m2/repository/org/springframework/boot/spring-boot-starter/2.4.4/spring-boot-starter-2.4.4.jar:/home/frak/.m2/repository/org/springframework/boot/spring-boot/2.4.4/spring-boot-2.4.4.jar:/home/frak/.m2/repository/org/springframework/boot/spring-boot-autoconfigure/2.4.4/spring-boot-autoconfigure-2.4.4.jar:/home/frak/.m2/repository/org/springframework/boot/spring-boot-starter-logging/2.4.4/spring-boot-starter-logging-2.4.4.jar:/home/frak/.m2/repository/ch/qos/logback/logback-classic/1.2.3/logback-classic-1.2.3.jar:/home/frak/.m2/repository/ch/qos/logback/logback-core/1.2.3/logback-core-1.2.3.jar:/home/frak/.m2/repository/org/apache/logging/log4j/log4j-to-slf4j/2.13.3/log4j-to-slf4j-2.13.3.jar:/home/frak/.m2/repository/org/apache/logging/log4j/log4j-api/2.13.3/log4j-api-2.13.3.jar:/home/frak/.m2/repository/org/slf4j/jul-to-slf4j/1.7.30/jul-to-slf4j-1.7.30.jar:/home/frak/.m2/repository/jakarta/annotation/jakarta.annotation-api/1.3.5/jakarta.annotation-api-1.3.5.jar:/home/frak/.m2/repository/org/springframework/spring-core/5.3.5/spring-core-5.3.5.jar:/home/frak/.m2/repository/org/springframework/spring-jcl/5.3.5/spring-jcl-5.3.5.jar:/home/frak/.m2/repository/org/yaml/snakeyaml/1.27/snakeyaml-1.27.jar:/home/frak/.m2/repository/org/jetbrains/kotlin/kotlin-reflect/1.4.31/kotlin-reflect-1.4.31.jar:/home/frak/.m2/repository/org/jetbrains/kotlin/kotlin-stdlib/1.4.31/kotlin-stdlib-1.4.31.jar:/home/frak/.m2/repository/org/jetbrains/kotlin/kotlin-stdlib-common/1.4.31/kotlin-stdlib-common-1.4.31.jar:/home/frak/.m2/repository/org/jetbrains/annotations/13.0/annotations-13.0.jar:/home/frak/.m2/repository/org/jetbrains/kotlin/kotlin-stdlib-jdk8/1.4.31/kotlin-stdlib-jdk8-1.4.31.jar:/home/frak/.m2/repository/org/jetbrains/kotlin/kotlin-stdlib-jdk7/1.4.31/kotlin-stdlib-jdk7-1.4.31.jar:/home/frak/.m2/repository/com/fasterxml/jackson/module/jackson-module-kotlin/2.12.0/jackson-module-kotlin-2.12.0.jar:/home/frak/.m2/repository/com/fasterxml/jackson/core/jackson-databind/2.11.4/jackson-databind-2.11.4.jar:/home/frak/.m2/repository/com/fasterxml/jackson/core/jackson-core/2.11.4/jackson-core-2.11.4.jar:/home/frak/.m2/repository/com/fasterxml/jackson/core/jackson-annotations/2.11.4/jackson-annotations-2.11.4.jar:/home/frak/.m2/repository/org/postgresql/postgresql/42.2.5/postgresql-42.2.5.jar:/home/frak/.m2/repository/org/springframework/boot/spring-boot-starter-test/2.4.4/spring-boot-starter-test-2.4.4.jar:/home/frak/.m2/repository/org/springframework/boot/spring-boot-test/2.4.4/spring-boot-test-2.4.4.jar:/home/frak/.m2/repository/org/springframework/boot/spring-boot-test-autoconfigure/2.4.4/spring-boot-test-autoconfigure-2.4.4.jar:/home/frak/.m2/repository/com/jayway/jsonpath/json-path/2.4.0/json-path-2.4.0.jar:/home/frak/.m2/repository/net/minidev/json-smart/2.3/json-smart-2.3.jar:/home/frak/.m2/repository/net/minidev/accessors-smart/1.2/accessors-smart-1.2.jar:/home/frak/.m2/repository/org/ow2/asm/asm/5.0.4/asm-5.0.4.jar:/home/frak/.m2/repository/jakarta/xml/bind/jakarta.xml.bind-api/2.3.3/jakarta.xml.bind-api-2.3.3.jar:/home/frak/.m2/repository/jakarta/activation/jakarta.activation-api/1.2.2/jakarta.activation-api-1.2.2.jar:/home/frak/.m2/repository/org/assertj/assertj-core/3.18.1/assertj-core-3.18.1.jar:/home/frak/.m2/repository/org/hamcrest/hamcrest/2.2/hamcrest-2.2.jar:/home/frak/.m2/repository/org/junit/jupiter/junit-jupiter/5.7.1/junit-jupiter-5.7.1.jar:/home/frak/.m2/repository/org/junit/jupiter/junit-jupiter-params/5.7.1/junit-jupiter-params-5.7.1.jar:/home/frak/.m2/repository/org/junit/jupiter/junit-jupiter-engine/5.7.1/junit-jupiter-engine-5.7.1.jar:/home/frak/.m2/repository/org/junit/platform/junit-platform-engine/1.7.1/junit-platform-engine-1.7.1.jar:/home/frak/.m2/repository/org/mockito/mockito-core/3.6.28/mockito-core-3.6.28.jar:/home/frak/.m2/repository/net/bytebuddy/byte-buddy-agent/1.10.22/byte-buddy-agent-1.10.22.jar:/home/frak/.m2/repository/org/objenesis/objenesis/3.1/objenesis-3.1.jar:/home/frak/.m2/repository/org/mockito/mockito-junit-jupiter/3.6.28/mockito-junit-jupiter-3.6.28.jar:/home/frak/.m2/repository/org/skyscreamer/jsonassert/1.5.0/jsonassert-1.5.0.jar:/home/frak/.m2/repository/com/vaadin/external/google/android-json/0.0.20131108.vaadin1/android-json-0.0.20131108.vaadin1.jar:/home/frak/.m2/repository/org/springframework/spring-test/5.3.5/spring-test-5.3.5.jar:/home/frak/.m2/repository/org/xmlunit/xmlunit-core/2.7.0/xmlunit-core-2.7.0.jar:/home/frak/.m2/repository/org/testcontainers/junit-jupiter/1.15.2/junit-jupiter-1.15.2.jar:/home/frak/.m2/repository/org/testcontainers/testcontainers/1.15.2/testcontainers-1.15.2.jar:/home/frak/.m2/repository/junit/junit/4.13.2/junit-4.13.2.jar:/home/frak/.m2/repository/org/hamcrest/hamcrest-core/2.2/hamcrest-core-2.2.jar:/home/frak/.m2/repository/org/apache/commons/commons-compress/1.20/commons-compress-1.20.jar:/home/frak/.m2/repository/org/rnorth/duct-tape/duct-tape/1.0.8/duct-tape-1.0.8.jar:/home/frak/.m2/repository/org/rnorth/visible-assertions/visible-assertions/2.1.2/visible-assertions-2.1.2.jar:/home/frak/.m2/repository/net/java/dev/jna/jna/5.2.0/jna-5.2.0.jar:/home/frak/.m2/repository/com/github/docker-java/docker-java-api/3.2.7/docker-java-api-3.2.7.jar:/home/frak/.m2/repository/com/github/docker-java/docker-java-transport-zerodep/3.2.7/docker-java-transport-zerodep-3.2.7.jar:/home/frak/.m2/repository/com/github/docker-java/docker-java-transport/3.2.7/docker-java-transport-3.2.7.jar:/home/frak/.m2/repository/org/junit/jupiter/junit-jupiter-api/5.7.1/junit-jupiter-api-5.7.1.jar:/home/frak/.m2/repository/org/apiguardian/apiguardian-api/1.1.0/apiguardian-api-1.1.0.jar:/home/frak/.m2/repository/org/opentest4j/opentest4j/1.2.0/opentest4j-1.2.0.jar:/home/frak/.m2/repository/org/junit/platform/junit-platform-commons/1.7.1/junit-platform-commons-1.7.1.jar:/home/frak/.m2/repository/org/testcontainers/postgresql/1.15.2/postgresql-1.15.2.jar:/home/frak/.m2/repository/org/testcontainers/jdbc/1.15.2/jdbc-1.15.2.jar:/home/frak/.m2/repository/org/testcontainers/database-commons/1.15.2/database-commons-1.15.2.jar:"/>
    <property name="java.vm.vendor" value="Azul Systems, Inc."/>
    <property name="sun.arch.data.model" value="64"/>
    <property name="java.vendor.url" value="http://www.azulsystems.com/"/>
    <property name="os.name" value="Linux"/>
    <property name="java.vm.specification.version" value="13"/>
    <property name="sun.java.launcher" value="SUN_STANDARD"/>
    <property name="user.country" value="US"/>
    <property name="sun.boot.library.path" value="/home/frak/.jdks/azul-13.0.6/lib"/>
    <property name="sun.java.command" value="/home/frak/IdeaProjects/stock-app/target/surefire/surefirebooter4888807843755983588.jar /home/frak/IdeaProjects/stock-app/target/surefire 2022-04-18T11-01-54_681-jvmRun1 surefire3271719725510165260tmp surefire_014869585742331120367tmp"/>
    <property name="jdk.debug" value="release"/>
    <property name="surefire.test.class.path" value="/home/frak/IdeaProjects/stock-app/target/test-classes:/home/frak/IdeaProjects/stock-app/target/classes:/home/frak/.m2/repository/org/springframework/boot/spring-boot-starter-data-jpa/2.4.4/spring-boot-starter-data-jpa-2.4.4.jar:/home/frak/.m2/repository/org/springframework/boot/spring-boot-starter-aop/2.4.4/spring-boot-starter-aop-2.4.4.jar:/home/frak/.m2/repository/org/springframework/spring-aop/5.3.5/spring-aop-5.3.5.jar:/home/frak/.m2/repository/org/aspectj/aspectjweaver/1.9.6/aspectjweaver-1.9.6.jar:/home/frak/.m2/repository/org/springframework/boot/spring-boot-starter-jdbc/2.4.4/spring-boot-starter-jdbc-2.4.4.jar:/home/frak/.m2/repository/com/zaxxer/HikariCP/3.4.5/HikariCP-3.4.5.jar:/home/frak/.m2/repository/org/springframework/spring-jdbc/5.3.5/spring-jdbc-5.3.5.jar:/home/frak/.m2/repository/jakarta/transaction/jakarta.transaction-api/1.3.3/jakarta.transaction-api-1.3.3.jar:/home/frak/.m2/repository/jakarta/persistence/jakarta.persistence-api/2.2.3/jakarta.persistence-api-2.2.3.jar:/home/frak/.m2/repository/org/hibernate/hibernate-core/5.4.29.Final/hibernate-core-5.4.29.Final.jar:/home/frak/.m2/repository/org/jboss/logging/jboss-logging/3.4.1.Final/jboss-logging-3.4.1.Final.jar:/home/frak/.m2/repository/org/javassist/javassist/3.27.0-GA/javassist-3.27.0-GA.jar:/home/frak/.m2/repository/net/bytebuddy/byte-buddy/1.10.22/byte-buddy-1.10.22.jar:/home/frak/.m2/repository/antlr/antlr/2.7.7/antlr-2.7.7.jar:/home/frak/.m2/repository/org/jboss/jandex/2.2.3.Final/jandex-2.2.3.Final.jar:/home/frak/.m2/repository/com/fasterxml/classmate/1.5.1/classmate-1.5.1.jar:/home/frak/.m2/repository/org/dom4j/dom4j/2.1.3/dom4j-2.1.3.jar:/home/frak/.m2/repository/org/hibernate/common/hibernate-commons-annotations/5.1.2.Final/hibernate-commons-annotations-5.1.2.Final.jar:/home/frak/.m2/repository/org/glassfish/jaxb/jaxb-runtime/2.3.3/jaxb-runtime-2.3.3.jar:/home/frak/.m2/repository/org/glassfish/jaxb/txw2/2.3.3/txw2-2.3.3.jar:/home/frak/.m2/repository/com/sun/istack/istack-commons-runtime/3.0.11/istack-commons-runtime-3.0.11.jar:/home/frak/.m2/repository/com/sun/activation/jakarta.activation/1.2.2/jakarta.activation-1.2.2.jar:/home/frak/.m2/repository/org/springframework/data/spring-data-jpa/2.4.6/spring-data-jpa-2.4.6.jar:/home/frak/.m2/repository/org/springframework/data/spring-data-commons/2.4.6/spring-data-commons-2.4.6.jar:/home/frak/.m2/repository/org/springframework/spring-orm/5.3.5/spring-orm-5.3.5.jar:/home/frak/.m2/repository/org/springframework/spring-context/5.3.5/spring-context-5.3.5.jar:/home/frak/.m2/repository/org/springframework/spring-tx/5.3.5/spring-tx-5.3.5.jar:/home/frak/.m2/repository/org/springframework/spring-beans/5.3.5/spring-beans-5.3.5.jar:/home/frak/.m2/repository/org/slf4j/slf4j-api/1.7.30/slf4j-api-1.7.30.jar:/home/frak/.m2/repository/org/springframework/spring-aspects/5.3.5/spring-aspects-5.3.5.jar:/home/frak/.m2/repository/com/h2database/h2/1.4.200/h2-1.4.200.jar:/home/frak/.m2/repository/org/springframework/boot/spring-boot-starter-web/2.4.4/spring-boot-starter-web-2.4.4.jar:/home/frak/.m2/repository/org/springframework/boot/spring-boot-starter-json/2.4.4/spring-boot-starter-json-2.4.4.jar:/home/frak/.m2/repository/com/fasterxml/jackson/datatype/jackson-datatype-jdk8/2.11.4/jackson-datatype-jdk8-2.11.4.jar:/home/frak/.m2/repository/com/fasterxml/jackson/datatype/jackson-datatype-jsr310/2.11.4/jackson-datatype-jsr310-2.11.4.jar:/home/frak/.m2/repository/com/fasterxml/jackson/module/jackson-module-parameter-names/2.11.4/jackson-module-parameter-names-2.11.4.jar:/home/frak/.m2/repository/org/springframework/boot/spring-boot-starter-tomcat/2.4.4/spring-boot-starter-tomcat-2.4.4.jar:/home/frak/.m2/repository/org/apache/tomcat/embed/tomcat-embed-core/9.0.44/tomcat-embed-core-9.0.44.jar:/home/frak/.m2/repository/org/glassfish/jakarta.el/3.0.3/jakarta.el-3.0.3.jar:/home/frak/.m2/repository/org/apache/tomcat/embed/tomcat-embed-websocket/9.0.44/tomcat-embed-websocket-9.0.44.jar:/home/frak/.m2/repository/org/springframework/spring-web/5.3.5/spring-web-5.3.5.jar:/home/frak/.m2/repository/org/springframework/spring-webmvc/5.3.5/spring-webmvc-5.3.5.jar:/home/frak/.m2/repository/org/springframework/spring-expression/5.3.5/spring-expression-5.3.5.jar:/home/frak/.m2/repository/org/springframework/boot/spring-boot-starter/2.4.4/spring-boot-starter-2.4.4.jar:/home/frak/.m2/repository/org/springframework/boot/spring-boot/2.4.4/spring-boot-2.4.4.jar:/home/frak/.m2/repository/org/springframework/boot/spring-boot-autoconfigure/2.4.4/spring-boot-autoconfigure-2.4.4.jar:/home/frak/.m2/repository/org/springframework/boot/spring-boot-starter-logging/2.4.4/spring-boot-starter-logging-2.4.4.jar:/home/frak/.m2/repository/ch/qos/logback/logback-classic/1.2.3/logback-classic-1.2.3.jar:/home/frak/.m2/repository/ch/qos/logback/logback-core/1.2.3/logback-core-1.2.3.jar:/home/frak/.m2/repository/org/apache/logging/log4j/log4j-to-slf4j/2.13.3/log4j-to-slf4j-2.13.3.jar:/home/frak/.m2/repository/org/apache/logging/log4j/log4j-api/2.13.3/log4j-api-2.13.3.jar:/home/frak/.m2/repository/org/slf4j/jul-to-slf4j/1.7.30/jul-to-slf4j-1.7.30.jar:/home/frak/.m2/repository/jakarta/annotation/jakarta.annotation-api/1.3.5/jakarta.annotation-api-1.3.5.jar:/home/frak/.m2/repository/org/springframework/spring-core/5.3.5/spring-core-5.3.5.jar:/home/frak/.m2/repository/org/springframework/spring-jcl/5.3.5/spring-jcl-5.3.5.jar:/home/frak/.m2/repository/org/yaml/snakeyaml/1.27/snakeyaml-1.27.jar:/home/frak/.m2/repository/org/jetbrains/kotlin/kotlin-reflect/1.4.31/kotlin-reflect-1.4.31.jar:/home/frak/.m2/repository/org/jetbrains/kotlin/kotlin-stdlib/1.4.31/kotlin-stdlib-1.4.31.jar:/home/frak/.m2/repository/org/jetbrains/kotlin/kotlin-stdlib-common/1.4.31/kotlin-stdlib-common-1.4.31.jar:/home/frak/.m2/repository/org/jetbrains/annotations/13.0/annotations-13.0.jar:/home/frak/.m2/repository/org/jetbrains/kotlin/kotlin-stdlib-jdk8/1.4.31/kotlin-stdlib-jdk8-1.4.31.jar:/home/frak/.m2/repository/org/jetbrains/kotlin/kotlin-stdlib-jdk7/1.4.31/kotlin-stdlib-jdk7-1.4.31.jar:/home/frak/.m2/repository/com/fasterxml/jackson/module/jackson-module-kotlin/2.12.0/jackson-module-kotlin-2.12.0.jar:/home/frak/.m2/repository/com/fasterxml/jackson/core/jackson-databind/2.11.4/jackson-databind-2.11.4.jar:/home/frak/.m2/repository/com/fasterxml/jackson/core/jackson-core/2.11.4/jackson-core-2.11.4.jar:/home/frak/.m2/repository/com/fasterxml/jackson/core/jackson-annotations/2.11.4/jackson-annotations-2.11.4.jar:/home/frak/.m2/repository/org/postgresql/postgresql/42.2.5/postgresql-42.2.5.jar:/home/frak/.m2/repository/org/springframework/boot/spring-boot-starter-test/2.4.4/spring-boot-starter-test-2.4.4.jar:/home/frak/.m2/repository/org/springframework/boot/spring-boot-test/2.4.4/spring-boot-test-2.4.4.jar:/home/frak/.m2/repository/org/springframework/boot/spring-boot-test-autoconfigure/2.4.4/spring-boot-test-autoconfigure-2.4.4.jar:/home/frak/.m2/repository/com/jayway/jsonpath/json-path/2.4.0/json-path-2.4.0.jar:/home/frak/.m2/repository/net/minidev/json-smart/2.3/json-smart-2.3.jar:/home/frak/.m2/repository/net/minidev/accessors-smart/1.2/accessors-smart-1.2.jar:/home/frak/.m2/repository/org/ow2/asm/asm/5.0.4/asm-5.0.4.jar:/home/frak/.m2/repository/jakarta/xml/bind/jakarta.xml.bind-api/2.3.3/jakarta.xml.bind-api-2.3.3.jar:/home/frak/.m2/repository/jakarta/activation/jakarta.activation-api/1.2.2/jakarta.activation-api-1.2.2.jar:/home/frak/.m2/repository/org/assertj/assertj-core/3.18.1/assertj-core-3.18.1.jar:/home/frak/.m2/repository/org/hamcrest/hamcrest/2.2/hamcrest-2.2.jar:/home/frak/.m2/repository/org/junit/jupiter/junit-jupiter/5.7.1/junit-jupiter-5.7.1.jar:/home/frak/.m2/repository/org/junit/jupiter/junit-jupiter-params/5.7.1/junit-jupiter-params-5.7.1.jar:/home/frak/.m2/repository/org/junit/jupiter/junit-jupiter-engine/5.7.1/junit-jupiter-engine-5.7.1.jar:/home/frak/.m2/repository/org/junit/platform/junit-platform-engine/1.7.1/junit-platform-engine-1.7.1.jar:/home/frak/.m2/repository/org/mockito/mockito-core/3.6.28/mockito-core-3.6.28.jar:/home/frak/.m2/repository/net/bytebuddy/byte-buddy-agent/1.10.22/byte-buddy-agent-1.10.22.jar:/home/frak/.m2/repository/org/objenesis/objenesis/3.1/objenesis-3.1.jar:/home/frak/.m2/repository/org/mockito/mockito-junit-jupiter/3.6.28/mockito-junit-jupiter-3.6.28.jar:/home/frak/.m2/repository/org/skyscreamer/jsonassert/1.5.0/jsonassert-1.5.0.jar:/home/frak/.m2/repository/com/vaadin/external/google/android-json/0.0.20131108.vaadin1/android-json-0.0.20131108.vaadin1.jar:/home/frak/.m2/repository/org/springframework/spring-test/5.3.5/spring-test-5.3.5.jar:/home/frak/.m2/repository/org/xmlunit/xmlunit-core/2.7.0/xmlunit-core-2.7.0.jar:/home/frak/.m2/repository/org/testcontainers/junit-jupiter/1.15.2/junit-jupiter-1.15.2.jar:/home/frak/.m2/repository/org/testcontainers/testcontainers/1.15.2/testcontainers-1.15.2.jar:/home/frak/.m2/repository/junit/junit/4.13.2/junit-4.13.2.jar:/home/frak/.m2/repository/org/hamcrest/hamcrest-core/2.2/hamcrest-core-2.2.jar:/home/frak/.m2/repository/org/apache/commons/commons-compress/1.20/commons-compress-1.20.jar:/home/frak/.m2/repository/org/rnorth/duct-tape/duct-tape/1.0.8/duct-tape-1.0.8.jar:/home/frak/.m2/repository/org/rnorth/visible-assertions/visible-assertions/2.1.2/visible-assertions-2.1.2.jar:/home/frak/.m2/repository/net/java/dev/jna/jna/5.2.0/jna-5.2.0.jar:/home/frak/.m2/repository/com/github/docker-java/docker-java-api/3.2.7/docker-java-api-3.2.7.jar:/home/frak/.m2/repository/com/github/docker-java/docker-java-transport-zerodep/3.2.7/docker-java-transport-zerodep-3.2.7.jar:/home/frak/.m2/repository/com/github/docker-java/docker-java-transport/3.2.7/docker-java-transport-3.2.7.jar:/home/frak/.m2/repository/org/junit/jupiter/junit-jupiter-api/5.7.1/junit-jupiter-api-5.7.1.jar:/home/frak/.m2/repository/org/apiguardian/apiguardian-api/1.1.0/apiguardian-api-1.1.0.jar:/home/frak/.m2/repository/org/opentest4j/opentest4j/1.2.0/opentest4j-1.2.0.jar:/home/frak/.m2/repository/org/junit/platform/junit-platform-commons/1.7.1/junit-platform-commons-1.7.1.jar:/home/frak/.m2/repository/org/testcontainers/postgresql/1.15.2/postgresql-1.15.2.jar:/home/frak/.m2/repository/org/testcontainers/jdbc/1.15.2/jdbc-1.15.2.jar:/home/frak/.m2/repository/org/testcontainers/database-commons/1.15.2/database-commons-1.15.2.jar:"/>
    <property name="sun.cpu.endian" value="little"/>
    <property name="user.home" value="/home/frak"/>
    <property name="user.language" value="en"/>
    <property name="java.specification.vendor" value="Oracle Corporation"/>
    <property name="java.version.date" value="2021-01-19"/>
    <property name="java.home" value="/home/frak/.jdks/azul-13.0.6"/>
    <property name="file.separator" value="/"/>
    <property name="basedir" value="/home/frak/IdeaProjects/stock-app"/>
    <property name="java.vm.compressedOopsMode" value="32-bit"/>
    <property name="line.separator" value="&#10;"/>
    <property name="java.vm.specification.vendor" value="Oracle Corporation"/>
    <property name="jdk.vendor.version" value="Zulu13.37+21-CA"/>
    <property name="java.specification.name" value="Java Platform API Specification"/>
    <property name="surefire.real.class.path" value="/home/frak/IdeaProjects/stock-app/target/surefire/surefirebooter4888807843755983588.jar"/>
    <property name="sun.management.compiler" value="HotSpot 64-Bit Tiered Compilers"/>
    <property name="java.runtime.version" value="13.0.6+5-MTS"/>
    <property name="user.name" value="frak"/>
    <property name="path.separator" value=":"/>
    <property name="os.version" value="5.13.0-39-generic"/>
    <property name="java.runtime.name" value="OpenJDK Runtime Environment"/>
    <property name="file.encoding" value="UTF-8"/>
    <property name="java.vm.name" value="OpenJDK 64-Bit Server VM"/>
    <property name="java.vendor.version" value="Zulu13.37+21-CA"/>
    <property name="localRepository" value="/home/frak/.m2/repository"/>
    <property name="java.vendor.url.bug" value="http://www.azulsystems.com/support/"/>
    <property name="java.io.tmpdir" value="/tmp"/>
    <property name="idea.version" value="2021.3.2"/>
    <property name="java.version" value="13.0.6"/>
    <property name="user.dir" value="/home/frak/IdeaProjects/stock-app"/>
    <property name="os.arch" value="amd64"/>
    <property name="java.vm.specification.name" value="Java Virtual Machine Specification"/>
    <property name="java.library.path" value="/usr/java/packages/lib:/usr/lib64:/lib64:/lib:/usr/lib"/>
    <property name="java.vm.info" value="mixed mode, sharing"/>
    <property name="java.vendor" value="Azul Systems, Inc."/>
    <property name="java.vm.version" value="13.0.6+5-MTS"/>
    <property name="sun.io.unicode.encoding" value="UnicodeLittle"/>
    <property name="java.class.version" value="57.0"/>
  </properties>
  <testcase name="StockApplicationTests" classname="StockApplicationTests" time="0.216">
    <error message="Unable to find a @SpringBootConfiguration, you need to use @ContextConfiguration or @SpringBootTest(classes=...) with your test" type="java.lang.IllegalStateException">java.lang.IllegalStateException: Unable to find a @SpringBootConfiguration, you need to use @ContextConfiguration or @SpringBootTest(classes=...) with your test
</error>
    <system-out><![CDATA[11:01:55.457 [main] DEBUG org.springframework.test.context.BootstrapUtils - Instantiating CacheAwareContextLoaderDelegate from class [org.springframework.test.context.cache.DefaultCacheAwareContextLoaderDelegate]
11:01:55.469 [main] DEBUG org.springframework.test.context.BootstrapUtils - Instantiating BootstrapContext using constructor [public org.springframework.test.context.support.DefaultBootstrapContext(java.lang.Class,org.springframework.test.context.CacheAwareContextLoaderDelegate)]
11:01:55.508 [main] DEBUG org.springframework.test.context.BootstrapUtils - Instantiating TestContextBootstrapper for test class [StockApplicationTests] from class [org.springframework.boot.test.context.SpringBootTestContextBootstrapper]
11:01:55.521 [main] INFO org.springframework.boot.test.context.SpringBootTestContextBootstrapper - Neither @ContextConfiguration nor @ContextHierarchy found for test class [StockApplicationTests], using SpringBootContextLoader
11:01:55.526 [main] DEBUG org.springframework.test.context.support.AbstractContextLoader - Did not detect default resource location for test class [StockApplicationTests]: class path resource [StockApplicationTests-context.xml] does not exist
11:01:55.527 [main] DEBUG org.springframework.test.context.support.AbstractContextLoader - Did not detect default resource location for test class [StockApplicationTests]: class path resource [StockApplicationTestsContext.groovy] does not exist
11:01:55.527 [main] INFO org.springframework.test.context.support.AbstractContextLoader - Could not detect default resource locations for test class [StockApplicationTests]: no resource found for suffixes {-context.xml, Context.groovy}.
11:01:55.528 [main] DEBUG org.springframework.test.context.support.AnnotationConfigContextLoaderUtils - Ignoring class [StockApplicationTests$ResponseBody]; it must be static, non-private, non-final, and annotated with @Configuration to be considered a default configuration class.
11:01:55.528 [main] DEBUG org.springframework.test.context.support.AnnotationConfigContextLoaderUtils - Ignoring class [StockApplicationTests$Companion]; it must be static, non-private, non-final, and annotated with @Configuration to be considered a default configuration class.
11:01:55.528 [main] INFO org.springframework.test.context.support.AnnotationConfigContextLoaderUtils - Could not detect default configuration classes for test class [StockApplicationTests]: StockApplicationTests does not declare any static, non-private, non-final, nested classes annotated with @Configuration.
11:01:55.577 [main] DEBUG org.springframework.test.context.support.ActiveProfilesUtils - Could not find an 'annotation declaring class' for annotation type [org.springframework.test.context.ActiveProfiles] and class [StockApplicationTests]
]]></system-out>
  </testcase>
</testsuite>